<?xml version="1.0" encoding="UTF-8"?>
<!-- Generated by org.testng.reporters.JUnitReportReporter -->
<testsuite hostname="DESKTOP-L4FF7LS" failures="0" tests="1" name="utilities.Base" time="42.460" errors="0" timestamp="2023-11-22T13:08:07 IST" skipped="0">
  <testcase classname="utilities.Base" name="initilizeDriver" time="42.460"/>
</testsuite> <!-- utilities.Base -->
