<?xml version="1.0" encoding="UTF-8"?>
<!-- Generated by org.testng.reporters.JUnitReportReporter -->
<testsuite hostname="DESKTOP-L4FF7LS" failures="0" tests="1" name="testRunners.TestNGTestRunner" time="21.429" errors="0" timestamp="2023-11-22T22:02:07 IST" skipped="0">
  <testcase classname="testRunners.TestNGTestRunner" name="runScenario" time="21.429"/>
</testsuite> <!-- testRunners.TestNGTestRunner -->
